mode: atomic
netstatd/api/server/controllers/base.go:13.24,15.2 1 1
netstatd/api/server/controllers/base.go:17.79,19.17 2 3
netstatd/api/server/controllers/base.go:19.17,22.3 2 3
netstatd/api/server/controllers/base.go:22.3,24.3 1 0
netstatd/api/server/controllers/base.go:27.70,33.2 5 0
netstatd/api/server/controllers/netstats.go:15.40,17.2 1 1
netstatd/api/server/controllers/netstats.go:19.37,26.29 3 2
netstatd/api/server/controllers/netstats.go:35.2,35.22 1 2
netstatd/api/server/controllers/netstats.go:39.2,43.9 4 2
netstatd/api/server/controllers/netstats.go:47.2,47.39 1 2
netstatd/api/server/controllers/netstats.go:26.29,29.17 3 1
netstatd/api/server/controllers/netstats.go:29.17,32.4 2 0
netstatd/api/server/controllers/netstats.go:35.22,37.3 1 1
netstatd/api/server/controllers/netstats.go:43.9,46.3 2 0
