mode: atomic
netstatd/namespace/discovery/docker.go:17.44,19.22 2 2
netstatd/namespace/discovery/docker.go:23.2,24.16 2 2
netstatd/namespace/discovery/docker.go:28.2,30.3 1 2
netstatd/namespace/discovery/docker.go:19.22,21.3 1 2
netstatd/namespace/discovery/docker.go:24.16,26.3 1 0
netstatd/namespace/discovery/docker.go:33.59,36.16 3 1
netstatd/namespace/discovery/docker.go:41.2,41.31 1 1
netstatd/namespace/discovery/docker.go:51.2,51.19 1 1
netstatd/namespace/discovery/docker.go:36.16,39.3 2 0
netstatd/namespace/discovery/docker.go:41.31,43.17 2 2
netstatd/namespace/discovery/docker.go:47.3,48.45 2 2
netstatd/namespace/discovery/docker.go:43.17,45.12 2 0
netstatd/namespace/discovery/docker.go:54.70,56.16 2 1
netstatd/namespace/discovery/docker.go:60.2,61.23 2 1
netstatd/namespace/discovery/docker.go:56.16,58.3 1 0
